A51 MACRO ASSEMBLER  TIMER_DELAY_VARY_DUTY                                                04/30/2025 10:10:39 PAGE     1


MACRO ASSEMBLER A51 V8.2.7.0
OBJECT MODULE PLACED IN .\Objects\timer_delay_vary_duty.obj
ASSEMBLER INVOKED BY: C:\Keil_v5\C51\BIN\A51.EXE timer_delay_vary_duty.asm SET(SMALL) DEBUG PRINT(.\Listings\timer_delay
                      _vary_duty.lst) OBJECT(.\Objects\timer_delay_vary_duty.obj) EP

LOC  OBJ            LINE     SOURCE

0000                   1     ORG 00H
  00B3                 2                     P1M1 EQU 0B3H
  00B4                 3                     P1M2 EQU 0B4H
0000 75B300            4                     MOV P1M1,#00H
0003 75B4FF            5                 MOV P1M2,#0FFH
0006 758901            6                 MOV TMOD,#01      ;TIMER 0 ,MODE 1(16 BIT TIMER)
0009 C290              7                     CLR P1.0
                       8             
                       9     
000B                  10     HERE:    
                      11     
                      12     
                      13     
                      14     
                      15     
                      16     
                      17     
                      18                     
                      19     
000B B290             20                     CPL P1.0
000D 7F15             21                     MOV R7,#21
000F 758AFC           22     LOOP:   MOV TL0,#0FCH     ;HERE FOR 47.61 ms delay 47.61 ms/0.75 us(16 MHZ) = 63492 Timer v
                             alu = 07FC
0012 758C07           23                     MOV TH0,#07H      ;FFFF-F804+1 = 07FC
0015 111B             24                     ACALL DELAY  
0017 DFF6             25                     DJNZ R7,LOOP
                      26                     
0019 80F0             27                     SJMP HERE
                      28     
001B D28C             29     DELAY:  SETB TR0
001D 308DFD           30     AGAIN:  JNB TF0,AGAIN
0020 C28C             31                     CLR TR0
0022 C28D             32                     CLR TF0
0024 22               33                     RET     
                      34     END
A51 MACRO ASSEMBLER  TIMER_DELAY_VARY_DUTY                                                04/30/2025 10:10:39 PAGE     2

SYMBOL TABLE LISTING
------ ----- -------


N A M E             T Y P E  V A L U E   ATTRIBUTES

AGAIN. . . . . . .  C ADDR   001DH   A   
DELAY. . . . . . .  C ADDR   001BH   A   
HERE . . . . . . .  C ADDR   000BH   A   
LOOP . . . . . . .  C ADDR   000FH   A   
P1 . . . . . . . .  D ADDR   0090H   A   
P1M1 . . . . . . .  N NUMB   00B3H   A   
P1M2 . . . . . . .  N NUMB   00B4H   A   
TF0. . . . . . . .  B ADDR   0088H.5 A   
TH0. . . . . . . .  D ADDR   008CH   A   
TL0. . . . . . . .  D ADDR   008AH   A   
TMOD . . . . . . .  D ADDR   0089H   A   
TR0. . . . . . . .  B ADDR   0088H.4 A   


REGISTER BANK(S) USED: 0 


ASSEMBLY COMPLETE.  0 WARNING(S), 0 ERROR(S)
